Tue Feb 23 17:10:42 CST 2016 : Apache Derby Network Server - 10.10.2.0 - (1582446) started and ready to accept connections on port 1527
----------------------------------------------------------------
Tue Feb 23 17:10:43 CST 2016:
Booting Derby version The Apache Software Foundation - Apache Derby - 10.10.2.0 - (1582446): instance a816c00e-0153-1066-2349-00002e5c4fe8 
on database directory /Users/lucasfevi/Projects/it353/DerbyDBFiles/Profile with class loader sun.misc.Launcher$AppClassLoader@20e90906 
Loaded from file:/Applications/NetBeans/glassfish-4.1.1/javadb/lib/derby.jar
java.vendor=Oracle Corporation
java.runtime.version=1.7.0_79-b15
user.dir=/Applications/NetBeans/glassfish-4.1.1/javadb
os.name=Mac OS X
os.arch=x86_64
os.version=10.11.3
derby.system.home=/Users/lucasfevi/Projects/it353/DerbyDBFiles
Database Class Loader started - derby.database.classpath=''
----------------------------------------------------------------
Tue Feb 23 17:10:44 CST 2016:
Shutting down instance a816c00e-0153-1066-2349-00002e5c4fe8 on database directory /Users/lucasfevi/Projects/it353/DerbyDBFiles/Profile with class loader sun.misc.Launcher$AppClassLoader@20e90906 
Tue Feb 23 17:10:44 CST 2016 Thread[DRDAConnThread_3,5,main] (DATABASE = Profile), (DRDAID = {2}), Database 'Profile' shutdown.
----------------------------------------------------------------
Tue Feb 23 17:12:36 CST 2016:
Booting Derby version The Apache Software Foundation - Apache Derby - 10.10.2.0 - (1582446): instance 560740aa-0153-1066-2349-00002e5c4fe8 
on database directory /Users/lucasfevi/Projects/it353/DerbyDBFiles/Profile with class loader sun.misc.Launcher$AppClassLoader@20e90906 
Loaded from file:/Applications/NetBeans/glassfish-4.1.1/javadb/lib/derby.jar
java.vendor=Oracle Corporation
java.runtime.version=1.7.0_79-b15
user.dir=/Applications/NetBeans/glassfish-4.1.1/javadb
os.name=Mac OS X
os.arch=x86_64
os.version=10.11.3
derby.system.home=/Users/lucasfevi/Projects/it353/DerbyDBFiles
Database Class Loader started - derby.database.classpath=''
----------------------------------------------------------------
Tue Feb 23 18:03:20 CST 2016: Shutting down Derby engine
----------------------------------------------------------------
Tue Feb 23 18:03:20 CST 2016:
Shutting down instance 560740aa-0153-1066-2349-00002e5c4fe8 on database directory /Users/lucasfevi/Projects/it353/DerbyDBFiles/Profile with class loader sun.misc.Launcher$AppClassLoader@20e90906 
----------------------------------------------------------------
